<?xml version="1.0" encoding="UTF-8"?>
<!-- Generated by org.testng.reporters.JUnitReportReporter -->
<testsuite hostname="DESKTOP-S9PGP8H" failures="0" tests="1" name="com.patient.patientTest" time="18.747" errors="0" timestamp="2022-10-20T11:41:41 IST" skipped="0">
  <testcase classname="com.patient.patientTest" name="savePatientDetails" time="18.747"/>
  <system-out/>
</testsuite> <!-- com.patient.patientTest -->
