<?xml version="1.0" encoding="UTF-8"?>
<!-- Generated by org.testng.reporters.JUnitReportReporter -->
<testsuite hostname="DESKTOP-S9PGP8H" failures="0" tests="2" name="com.admin.adminTesting" time="59.342" errors="0" timestamp="2022-10-20T11:36:24 IST" skipped="0">
  <testcase classname="com.admin.adminTesting" name="saveDoctorDetails" time="17.997"/>
  <system-out/>
  <testcase classname="com.admin.adminTesting" name="savePatientDetails" time="41.345"/>
  <system-out/>
</testsuite> <!-- com.admin.adminTesting -->
