<?xml version="1.0" encoding="UTF-8"?>
<!-- Generated by org.testng.reporters.JUnitReportReporter -->
<testsuite hostname="DESKTOP-S9PGP8H" failures="0" tests="1" name="com.invoice.InvoiceTest" time="21.174" errors="0" timestamp="2022-10-20T11:51:09 IST" skipped="0">
  <testcase classname="com.invoice.InvoiceTest" name="saveInvoiceDetails" time="21.174"/>
  <system-out/>
</testsuite> <!-- com.invoice.InvoiceTest -->
